<?xml version="1.0" encoding="UTF-8"?>
<testng-results ignored="0" total="1" passed="1" failed="0" skipped="0">
  <reporter-output>
  </reporter-output>
  <suite started-at="2020-01-17T23:11:57 IST" name="Default suite" finished-at="2020-01-17T23:12:28 IST" duration-ms="30989">
    <groups>
    </groups>
    <test started-at="2020-01-17T23:11:57 IST" name="Default test" finished-at="2020-01-17T23:12:28 IST" duration-ms="30989">
      <class name="BasePackage.BaseClass">
        <test-method signature="initBrowser()[pri:0, instance:BasePackage.BaseClass@33afa13b]" started-at="2020-01-17T23:11:57 IST" name="initBrowser" finished-at="2020-01-17T23:12:28 IST" duration-ms="30918" status="PASS">
          <reporter-output>
          </reporter-output>
        </test-method> <!-- initBrowser -->
      </class> <!-- BasePackage.BaseClass -->
    </test> <!-- Default test -->
  </suite> <!-- Default suite -->
</testng-results>
