<?xml version="1.0" encoding="UTF-8"?>
<!-- Generated by org.testng.reporters.JUnitXMLReporter -->
<testsuite hostname="SDF4-110-041" ignored="0" name="Regression suite 1" tests="4" failures="0" timestamp="2020-02-24T19:46:28 IST" time="0.072" errors="0">
  <testcase name="firstTestCase" time="0.014" classname="TrialClasses.demoOne"/>
  <testcase name="secondTestCase" time="0.002" classname="TrialClasses.demoOne"/>
  <testcase name="firstTestCase" time="0.002" classname="TrialClasses.demoTwo"/>
  <testcase name="secondTestCase" time="0.001" classname="TrialClasses.demoTwo"/>
</testsuite> <!-- Regression suite 1 -->
