<?xml version="1.0" encoding="UTF-8"?>
<testng-results ignored="0" total="1" passed="1" failed="0" skipped="0">
  <reporter-output>
  </reporter-output>
  <suite started-at="2020-05-08T16:40:43 IST" name="Default suite" finished-at="2020-05-08T16:40:47 IST" duration-ms="3815">
    <groups>
    </groups>
    <test started-at="2020-05-08T16:40:43 IST" name="Default test" finished-at="2020-05-08T16:40:47 IST" duration-ms="3815">
      <class name="restassuredTest.demo3_PUT_Request">
        <test-method is-config="true" signature="putData()[pri:0, instance:restassuredTest.demo3_PUT_Request@d4342c2]" started-at="2020-05-08T16:40:43 IST" name="putData" finished-at="2020-05-08T16:40:44 IST" duration-ms="672" status="PASS">
          <reporter-output>
          </reporter-output>
        </test-method> <!-- putData -->
        <test-method signature="testPut()[pri:0, instance:restassuredTest.demo3_PUT_Request@d4342c2]" started-at="2020-05-08T16:40:44 IST" name="testPut" finished-at="2020-05-08T16:40:47 IST" duration-ms="3063" status="PASS">
          <reporter-output>
          </reporter-output>
        </test-method> <!-- testPut -->
      </class> <!-- restassuredTest.demo3_PUT_Request -->
    </test> <!-- Default test -->
  </suite> <!-- Default suite -->
</testng-results>
